#! /c/iverilog/bin/vvp
:ivl_version "0.9.7 " "(v0_9_7)";
:vpi_time_precision + 0;
:vpi_module "system";
:vpi_module "v2005_math";
:vpi_module "va_math";
S_01158DC8 .scope module, "gcd_test" "gcd_test" 2 1;
 .timescale 0 0;
v01190528_0 .net "Aout", 15 0, L_011C12B8; 1 drivers
v011905D8_0 .net "Bout", 15 0, L_011C0C60; 1 drivers
v01190840_0 .var "clk", 0 0;
v01190630_0 .var "data_in", 15 0;
v011906E0_0 .net "done", 0 0, v0115DCB8_0; 1 drivers
v01191200_0 .net "eq", 0 0, L_01190E90; 1 drivers
v01190D30_0 .net "gt", 0 0, L_011910F8; 1 drivers
v01190EE8_0 .net "ldA", 0 0, v011930F8_0; 1 drivers
v01190F40_0 .net "ldB", 0 0, v01193150_0; 1 drivers
v01190F98_0 .net "lt", 0 0, L_01190DE0; 1 drivers
v011910A0_0 .var "reset", 0 0;
v01190FF0_0 .net "selA_sub", 0 0, v01152CE8_0; 1 drivers
v01191258_0 .net "selB_sub", 0 0, v01152D40_0; 1 drivers
v011912B0_0 .var "start", 0 0;
S_011C02A8 .scope module, "DP" "GCD_datapath" 2 11, 3 1, S_01158DC8;
 .timescale 0 0;
L_011C12B8 .functor BUFZ 16, v01190898_0, C4<0000000000000000>, C4<0000000000000000>, C4<0000000000000000>;
L_011C0C60 .functor BUFZ 16, v011909A0_0, C4<0000000000000000>, C4<0000000000000000>, C4<0000000000000000>;
v01190898_0 .var "A", 15 0;
v01190420_0 .alias "Aout", 15 0, v01190528_0;
v011909A0_0 .var "B", 15 0;
v01190738_0 .alias "Bout", 15 0, v011905D8_0;
v01190790_0 .net "clk", 0 0, v01190840_0; 1 drivers
v011907E8_0 .net "data_in", 15 0, v01190630_0; 1 drivers
v01190A50_0 .alias "eq", 0 0, v01191200_0;
v01190B00_0 .alias "gt", 0 0, v01190D30_0;
v01190948_0 .alias "ldA", 0 0, v01190EE8_0;
v011908F0_0 .alias "ldB", 0 0, v01190F40_0;
v011909F8_0 .alias "lt", 0 0, v01190F98_0;
v011903C8_0 .alias "selA_sub", 0 0, v01190FF0_0;
v01190478_0 .alias "selB_sub", 0 0, v01191258_0;
v011904D0_0 .net "subAB", 15 0, L_01191150; 1 drivers
v01190688_0 .net "subBA", 15 0, L_01190C28; 1 drivers
E_01154300 .event posedge, v01153F88_0;
L_01191150 .arith/sub 16, v01190898_0, v011909A0_0;
L_01190C28 .arith/sub 16, v011909A0_0, v01190898_0;
L_01190DE0 .cmp/gt 16, v011909A0_0, v01190898_0;
L_011910F8 .cmp/gt 16, v01190898_0, v011909A0_0;
L_01190E90 .cmp/eq 16, v01190898_0, v011909A0_0;
S_01158900 .scope module, "CON" "controller" 2 25, 4 1, S_01158DC8;
 .timescale 0 0;
P_0115DC24 .param/l "COMP" 4 19, C4<011>;
P_0115DC38 .param/l "DONE" 4 22, C4<110>;
P_0115DC4C .param/l "IDLE" 4 16, C4<000>;
P_0115DC60 .param/l "LOADA" 4 17, C4<001>;
P_0115DC74 .param/l "LOADB" 4 18, C4<010>;
P_0115DC88 .param/l "SUBA" 4 20, C4<100>;
P_0115DC9C .param/l "SUBB" 4 21, C4<101>;
v01153F88_0 .alias "clk", 0 0, v01190790_0;
v0115DCB8_0 .var "done", 0 0;
v0115DD10_0 .alias "eq", 0 0, v01191200_0;
v011930A0_0 .alias "gt", 0 0, v01190D30_0;
v011930F8_0 .var "ldA", 0 0;
v01193150_0 .var "ldB", 0 0;
v01152C38_0 .alias "lt", 0 0, v01190F98_0;
v01152C90_0 .net "reset", 0 0, v011910A0_0; 1 drivers
v01152CE8_0 .var "selA_sub", 0 0;
v01152D40_0 .var "selB_sub", 0 0;
v01190580_0 .net "start", 0 0, v011912B0_0; 1 drivers
v01190AA8_0 .var "state", 2 0;
E_01183A88 .event edge, v01190AA8_0;
E_01154040 .event posedge, v01152C90_0, v01153F88_0;
    .scope S_011C02A8;
T_0 ;
    %wait E_01154300;
    %load/v 8, v01190948_0, 1;
    %jmp/0xz  T_0.0, 8;
    %load/v 8, v011903C8_0, 1;
    %jmp/0  T_0.2, 8;
    %load/v 9, v011904D0_0, 16;
    %jmp/1  T_0.4, 8;
T_0.2 ; End of true expr.
    %load/v 25, v011907E8_0, 16;
    %jmp/0  T_0.3, 8;
 ; End of false expr.
    %blend  9, 25, 16; Condition unknown.
    %jmp  T_0.4;
T_0.3 ;
    %mov 9, 25, 16; Return false value
T_0.4 ;
    %ix/load 0, 16, 0;
    %assign/v0 v01190898_0, 0, 9;
T_0.0 ;
    %load/v 8, v011908F0_0, 1;
    %jmp/0xz  T_0.5, 8;
    %load/v 8, v01190478_0, 1;
    %jmp/0  T_0.7, 8;
    %load/v 9, v01190688_0, 16;
    %jmp/1  T_0.9, 8;
T_0.7 ; End of true expr.
    %load/v 25, v011907E8_0, 16;
    %jmp/0  T_0.8, 8;
 ; End of false expr.
    %blend  9, 25, 16; Condition unknown.
    %jmp  T_0.9;
T_0.8 ;
    %mov 9, 25, 16; Return false value
T_0.9 ;
    %ix/load 0, 16, 0;
    %assign/v0 v011909A0_0, 0, 9;
T_0.5 ;
    %jmp T_0;
    .thread T_0;
    .scope S_01158900;
T_1 ;
    %wait E_01154040;
    %load/v 8, v01152C90_0, 1;
    %jmp/0xz  T_1.0, 8;
    %ix/load 0, 3, 0;
    %assign/v0 v01190AA8_0, 0, 0;
    %jmp T_1.1;
T_1.0 ;
    %load/v 8, v01190AA8_0, 3;
    %cmpi/u 8, 0, 3;
    %jmp/1 T_1.2, 6;
    %cmpi/u 8, 1, 3;
    %jmp/1 T_1.3, 6;
    %cmpi/u 8, 2, 3;
    %jmp/1 T_1.4, 6;
    %cmpi/u 8, 3, 3;
    %jmp/1 T_1.5, 6;
    %cmpi/u 8, 4, 3;
    %jmp/1 T_1.6, 6;
    %cmpi/u 8, 5, 3;
    %jmp/1 T_1.7, 6;
    %cmpi/u 8, 6, 3;
    %jmp/1 T_1.8, 6;
    %ix/load 0, 3, 0;
    %assign/v0 v01190AA8_0, 0, 0;
    %jmp T_1.10;
T_1.2 ;
    %load/v 8, v01190580_0, 1;
    %jmp/0xz  T_1.11, 8;
    %movi 8, 1, 3;
    %ix/load 0, 3, 0;
    %assign/v0 v01190AA8_0, 0, 8;
    %jmp T_1.12;
T_1.11 ;
    %ix/load 0, 3, 0;
    %assign/v0 v01190AA8_0, 0, 0;
T_1.12 ;
    %jmp T_1.10;
T_1.3 ;
    %movi 8, 2, 3;
    %ix/load 0, 3, 0;
    %assign/v0 v01190AA8_0, 0, 8;
    %jmp T_1.10;
T_1.4 ;
    %movi 8, 3, 3;
    %ix/load 0, 3, 0;
    %assign/v0 v01190AA8_0, 0, 8;
    %jmp T_1.10;
T_1.5 ;
    %load/v 8, v0115DD10_0, 1;
    %jmp/0xz  T_1.13, 8;
    %movi 8, 6, 3;
    %ix/load 0, 3, 0;
    %assign/v0 v01190AA8_0, 0, 8;
    %jmp T_1.14;
T_1.13 ;
    %load/v 8, v011930A0_0, 1;
    %jmp/0xz  T_1.15, 8;
    %movi 8, 4, 3;
    %ix/load 0, 3, 0;
    %assign/v0 v01190AA8_0, 0, 8;
    %jmp T_1.16;
T_1.15 ;
    %movi 8, 5, 3;
    %ix/load 0, 3, 0;
    %assign/v0 v01190AA8_0, 0, 8;
T_1.16 ;
T_1.14 ;
    %jmp T_1.10;
T_1.6 ;
    %movi 8, 3, 3;
    %ix/load 0, 3, 0;
    %assign/v0 v01190AA8_0, 0, 8;
    %jmp T_1.10;
T_1.7 ;
    %movi 8, 3, 3;
    %ix/load 0, 3, 0;
    %assign/v0 v01190AA8_0, 0, 8;
    %jmp T_1.10;
T_1.8 ;
    %movi 8, 6, 3;
    %ix/load 0, 3, 0;
    %assign/v0 v01190AA8_0, 0, 8;
    %jmp T_1.10;
T_1.10 ;
T_1.1 ;
    %jmp T_1;
    .thread T_1;
    .scope S_01158900;
T_2 ;
    %wait E_01183A88;
    %set/v v011930F8_0, 0, 1;
    %set/v v01193150_0, 0, 1;
    %set/v v01152CE8_0, 0, 1;
    %set/v v01152D40_0, 0, 1;
    %set/v v0115DCB8_0, 0, 1;
    %load/v 8, v01190AA8_0, 3;
    %cmpi/u 8, 1, 3;
    %jmp/1 T_2.0, 6;
    %cmpi/u 8, 2, 3;
    %jmp/1 T_2.1, 6;
    %cmpi/u 8, 4, 3;
    %jmp/1 T_2.2, 6;
    %cmpi/u 8, 5, 3;
    %jmp/1 T_2.3, 6;
    %cmpi/u 8, 6, 3;
    %jmp/1 T_2.4, 6;
    %jmp T_2.6;
T_2.0 ;
    %set/v v011930F8_0, 1, 1;
    %set/v v01152CE8_0, 0, 1;
    %jmp T_2.6;
T_2.1 ;
    %set/v v01193150_0, 1, 1;
    %set/v v01152D40_0, 0, 1;
    %jmp T_2.6;
T_2.2 ;
    %set/v v011930F8_0, 1, 1;
    %set/v v01152CE8_0, 1, 1;
    %jmp T_2.6;
T_2.3 ;
    %set/v v01193150_0, 1, 1;
    %set/v v01152D40_0, 1, 1;
    %jmp T_2.6;
T_2.4 ;
    %set/v v0115DCB8_0, 1, 1;
    %jmp T_2.6;
T_2.6 ;
    %jmp T_2;
    .thread T_2, $push;
    .scope S_01158DC8;
T_3 ;
    %vpi_call 2 40 "$dumpfile", "gcd.vcd";
    %vpi_call 2 41 "$dumpvars", 1'sb0, S_01158DC8;
    %set/v v01190840_0, 0, 1;
    %set/v v011910A0_0, 1, 1;
    %set/v v011912B0_0, 0, 1;
    %set/v v01190630_0, 0, 16;
    %delay 7, 0;
    %set/v v011910A0_0, 0, 1;
    %movi 8, 48, 16;
    %set/v v01190630_0, 8, 16;
    %set/v v011912B0_0, 1, 1;
    %delay 10, 0;
    %set/v v011912B0_0, 0, 1;
    %delay 10, 0;
    %movi 8, 18, 16;
    %set/v v01190630_0, 8, 16;
    %delay 300, 0;
    %vpi_call 2 51 "$finish";
    %end;
    .thread T_3;
    .scope S_01158DC8;
T_4 ;
    %delay 5, 0;
    %load/v 8, v01190840_0, 1;
    %inv 8, 1;
    %set/v v01190840_0, 8, 1;
    %jmp T_4;
    .thread T_4;
    .scope S_01158DC8;
T_5 ;
    %vpi_call 2 57 "$monitor", "t=%0t A=%0d B=%0d ldA=%b ldB=%b selA=%b selB=%b done=%b", $time, v01190528_0, v011905D8_0, v01190EE8_0, v01190F40_0, v01190FF0_0, v01191258_0, v011906E0_0;
    %end;
    .thread T_5;
# The file index is used to find the file name in the following table.
:file_names 5;
    "N/A";
    "<interactive>";
    "gcd_test.v";
    "gcd_datapath.v";
    "controller.v";
